This is pdfTeX, Version 3.1415926-1.40.10 (TeX Live 2009/Debian) (format=pdflatex 2013.9.17)  10 DEC 2013 16:57
entering extended mode
 %&-line parsing enabled.
**Report.tex
(./Report.tex
LaTeX2e <2009/09/24>
Babel <v3.8l> and hyphenation patterns for english, usenglishmax, dumylang, noh
yphenation, loaded.
(/usr/share/texmf-texlive/tex/latex/base/article.cls
Document Class: article 2007/10/19 v1.4h Standard LaTeX document class
(/usr/share/texmf-texlive/tex/latex/base/size10.clo
File: size10.clo 2007/10/19 v1.4h Standard LaTeX file (size option)
)
\c@part=\count79
\c@section=\count80
\c@subsection=\count81
\c@subsubsection=\count82
\c@paragraph=\count83
\c@subparagraph=\count84
\c@figure=\count85
\c@table=\count86
\abovecaptionskip=\skip41
\belowcaptionskip=\skip42
\bibindent=\dimen102
)
(/usr/share/texmf-texlive/tex/latex/fancyhdr/fancyhdr.sty
\fancy@headwidth=\skip43
\f@ncyO@elh=\skip44
\f@ncyO@erh=\skip45
\f@ncyO@olh=\skip46
\f@ncyO@orh=\skip47
\f@ncyO@elf=\skip48
\f@ncyO@erf=\skip49
\f@ncyO@olf=\skip50
\f@ncyO@orf=\skip51
)
(/usr/share/texmf-texlive/tex/latex/amsmath/amsmath.sty
Package: amsmath 2000/07/18 v2.13 AMS math features
\@mathmargin=\skip52

For additional information on amsmath, use the `?' option.
(/usr/share/texmf-texlive/tex/latex/amsmath/amstext.sty
Package: amstext 2000/06/29 v2.01

(/usr/share/texmf-texlive/tex/latex/amsmath/amsgen.sty
File: amsgen.sty 1999/11/30 v2.0
\@emptytoks=\toks14
\ex@=\dimen103
))
(/usr/share/texmf-texlive/tex/latex/amsmath/amsbsy.sty
Package: amsbsy 1999/11/29 v1.2d
\pmbraise@=\dimen104
)
(/usr/share/texmf-texlive/tex/latex/amsmath/amsopn.sty
Package: amsopn 1999/12/14 v2.01 operator names
)
\inf@bad=\count87
LaTeX Info: Redefining \frac on input line 211.
\uproot@=\count88
\leftroot@=\count89
LaTeX Info: Redefining \overline on input line 307.
\classnum@=\count90
\DOTSCASE@=\count91
LaTeX Info: Redefining \ldots on input line 379.
LaTeX Info: Redefining \dots on input line 382.
LaTeX Info: Redefining \cdots on input line 467.
\Mathstrutbox@=\box26
\strutbox@=\box27
\big@size=\dimen105
LaTeX Font Info:    Redeclaring font encoding OML on input line 567.
LaTeX Font Info:    Redeclaring font encoding OMS on input line 568.
\macc@depth=\count92
\c@MaxMatrixCols=\count93
\dotsspace@=\muskip10
\c@parentequation=\count94
\dspbrk@lvl=\count95
\tag@help=\toks15
\row@=\count96
\column@=\count97
\maxfields@=\count98
\andhelp@=\toks16
\eqnshift@=\dimen106
\alignsep@=\dimen107
\tagshift@=\dimen108
\tagwidth@=\dimen109
\totwidth@=\dimen110
\lineht@=\dimen111
\@envbody=\toks17
\multlinegap=\skip53
\multlinetaggap=\skip54
\mathdisplay@stack=\toks18
LaTeX Info: Redefining \[ on input line 2666.
LaTeX Info: Redefining \] on input line 2667.
)
(/usr/share/texmf-texlive/tex/latex/amsfonts/amsfonts.sty
Package: amsfonts 2009/06/22 v3.00 Basic AMSFonts support
\symAMSa=\mathgroup4
\symAMSb=\mathgroup5
LaTeX Font Info:    Overwriting math alphabet `\mathfrak' in version `bold'
(Font)                  U/euf/m/n --> U/euf/b/n on input line 96.
)
(/usr/share/texmf-texlive/tex/latex/tools/bm.sty
Package: bm 2004/02/26 v1.1c Bold Symbol Support (DPC/FMi)
\symboldoperators=\mathgroup6
\symboldletters=\mathgroup7
\symboldsymbols=\mathgroup8
LaTeX Font Info:    Redeclaring math alphabet \mathbf on input line 138.
LaTeX Info: Redefining \bm on input line 204.
)
(/usr/share/texmf-texlive/tex/latex/geometry/geometry.sty
Package: geometry 2008/12/21 v4.2 Page Geometry

(/usr/share/texmf-texlive/tex/latex/graphics/keyval.sty
Package: keyval 1999/03/16 v1.13 key=value parser (DPC)
\KV@toks@=\toks19
)
(/usr/share/texmf-texlive/tex/generic/oberdiek/ifpdf.sty
Package: ifpdf 2009/04/10 v2.0 Provides the ifpdf switch (HO)
Package ifpdf Info: pdfTeX in pdf mode detected.
)
(/usr/share/texmf-texlive/tex/generic/oberdiek/ifvtex.sty
Package: ifvtex 2008/11/04 v1.4 Switches for detecting VTeX and its modes (HO)
Package ifvtex Info: VTeX not detected.
)
\Gm@cnth=\count99
\Gm@cntv=\count100
\c@Gm@tempcnt=\count101
\Gm@bindingoffset=\dimen112
\Gm@wd@mp=\dimen113
\Gm@odd@mp=\dimen114
\Gm@even@mp=\dimen115
\Gm@dimlist=\toks20
)
(/usr/share/texmf-texlive/tex/latex/tools/verbatim.sty
Package: verbatim 2003/08/22 v1.5q LaTeX2e package for verbatim enhancements
\every@verbatim=\toks21
\verbatim@line=\toks22
\verbatim@in@stream=\read1
)
(/usr/share/texmf-texlive/tex/latex/graphics/graphicx.sty
Package: graphicx 1999/02/16 v1.0f Enhanced LaTeX Graphics (DPC,SPQR)

(/usr/share/texmf-texlive/tex/latex/graphics/graphics.sty
Package: graphics 2009/02/05 v1.0o Standard LaTeX Graphics (DPC,SPQR)

(/usr/share/texmf-texlive/tex/latex/graphics/trig.sty
Package: trig 1999/03/16 v1.09 sin cos tan (DPC)
)
(/etc/texmf/tex/latex/config/graphics.cfg
File: graphics.cfg 2009/08/28 v1.8 graphics configuration of TeX Live
)
Package graphics Info: Driver file: pdftex.def on input line 91.

(/usr/share/texmf-texlive/tex/latex/pdftex-def/pdftex.def
File: pdftex.def 2010/03/12 v0.04p Graphics/color for pdfTeX
\Gread@gobject=\count102
))
\Gin@req@height=\dimen116
\Gin@req@width=\dimen117
) (./Report.aux)
\openout1 = `Report.aux'.

LaTeX Font Info:    Checking defaults for OML/cmm/m/it on input line 19.
LaTeX Font Info:    ... okay on input line 19.
LaTeX Font Info:    Checking defaults for T1/cmr/m/n on input line 19.
LaTeX Font Info:    ... okay on input line 19.
LaTeX Font Info:    Checking defaults for OT1/cmr/m/n on input line 19.
LaTeX Font Info:    ... okay on input line 19.
LaTeX Font Info:    Checking defaults for OMS/cmsy/m/n on input line 19.
LaTeX Font Info:    ... okay on input line 19.
LaTeX Font Info:    Checking defaults for OMX/cmex/m/n on input line 19.
LaTeX Font Info:    ... okay on input line 19.
LaTeX Font Info:    Checking defaults for U/cmr/m/n on input line 19.
LaTeX Font Info:    ... okay on input line 19.

*geometry auto-detecting driver*
*geometry detected driver: pdftex*
-------------------- Geometry parameters
paper: class default
landscape: --
twocolumn: --
twoside: --
asymmetric: --
h-parts: 72.26999pt, 469.75502pt, 72.26999pt
v-parts: 72.26999pt, 650.43001pt, 72.26999pt
hmarginratio: --
vmarginratio: --
lines: --
heightrounded: --
bindingoffset: 0.0pt
truedimen: --
includehead: --
includefoot: --
includemp: --
driver: pdftex
-------------------- Page layout dimensions and switches
\paperwidth  614.295pt
\paperheight 794.96999pt
\textwidth  469.75502pt
\textheight 650.43001pt
\oddsidemargin  0.0pt
\evensidemargin 0.0pt
\topmargin  -37.0pt
\headheight 12.0pt
\headsep    25.0pt
\footskip   30.0pt
\marginparwidth 65.0pt
\marginparsep   11.0pt
\columnsep  10.0pt
\skip\footins  9.0pt plus 4.0pt minus 2.0pt
\hoffset 0.0pt
\voffset 0.0pt
\mag 1000

(1in=72.27pt, 1cm=28.45pt)
-----------------------
(/usr/share/texmf-texlive/tex/context/base/supp-pdf.mkii
[Loading MPS to PDF converter (version 2006.09.02).]
\scratchcounter=\count103
\scratchdimen=\dimen118
\scratchbox=\box28
\nofMPsegments=\count104
\nofMParguments=\count105
\everyMPshowfont=\toks23
\MPscratchCnt=\count106
\MPscratchDim=\dimen119
\MPnumerator=\count107
\everyMPtoPDFconversion=\toks24
)
LaTeX Font Info:    Try loading font information for U+msa on input line 21.
 (/usr/share/texmf-texlive/tex/latex/amsfonts/umsa.fd
File: umsa.fd 2009/06/22 v3.00 AMS symbols A
)
LaTeX Font Info:    Try loading font information for U+msb on input line 21.

(/usr/share/texmf-texlive/tex/latex/amsfonts/umsb.fd
File: umsb.fd 2009/06/22 v3.00 AMS symbols B
) [1

{/var/lib/texmf/fonts/map/pdftex/updmap/pdftex.map}] (./Report.toc)
\tf@toc=\write3
\openout3 = `Report.toc'.

 [1]
Missing character: There is no ‚ in font cmr10!
Missing character: There is no Ä in font cmr10!
Missing character: There is no ô in font cmr10!
 (./architecture.tex [2]
Missing character: There is no ‚ in font cmr10!
Missing character: There is no Ä in font cmr10!
Missing character: There is no ú in font cmr10!
Missing character: There is no ‚ in font cmr10!
Missing character: There is no Ä in font cmr10!
Missing character: There is no ù in font cmr10!
Missing character: There is no ‚ in font cmr10!
Missing character: There is no Ä in font cmr10!
Missing character: There is no ú in font cmr10!
Missing character: There is no ‚ in font cmr10!
Missing character: There is no Ä in font cmr10!
Missing character: There is no ù in font cmr10!
Missing character: There is no ‚ in font cmr10!
Missing character: There is no Ä in font cmr10!
Missing character: There is no ô in font cmr10!

<hierarchy.png, id=17, 1909.1325pt x 1176.395pt>
File: hierarchy.png Graphic file (type png)
 <use hierarchy.png>
Missing character: There is no ‚ in font cmr10!
Missing character: There is no Ä in font cmr10!
Missing character: There is no ô in font cmr10!
 [3]
Missing character: There is no ‚ in font cmr10!
Missing character: There is no Ä in font cmr10!
Missing character: There is no ô in font cmr10!

Overfull \hbox (12.42242pt too wide) in paragraph at lines 52--53
[]\OT1/cmr/m/n/10 Next, we have TCP[]TAHOE, which in-her-its from SLOW[]START. 
TCP[]TAHOE im-ple-ments fast[]retransmit.
 []

[4 <./hierarchy.png>]
Missing character: There is no ‚ in font cmr10!
Missing character: There is no Ä in font cmr10!
Missing character: There is no ô in font cmr10!
 <packetTransfer.png, id=26, 2055.68pt x 164.615pt>
File: packetTransfer.png Graphic file (type png)

<use packetTransfer.png> [5 <./packetTransfer.png>]
<io.png, id=31, 1234.6125pt x 468.75125pt>
File: io.png Graphic file (type png)
 <use io.png>) (./howtouse.tex
[6 <./io.png>]) (./math.tex [7] [8]) (./finalThoughts.tex) (./plots.tex
[9] [10] [11] <vegas0/Flow_RTT.png, id=58, 803.0pt x 441.65pt>
File: vegas0/Flow_RTT.png Graphic file (type png)

<use vegas0/Flow_RTT.png>
<vegas0/Flow_Send_Rates.png, id=59, 803.0pt x 441.65pt>
File: vegas0/Flow_Send_Rates.png Graphic file (type png)

<use vegas0/Flow_Send_Rates.png>
<vegas0/Flow_Window.png, id=60, 803.0pt x 441.65pt>
File: vegas0/Flow_Window.png Graphic file (type png)

<use vegas0/Flow_Window.png>
<vegas0/Link_Flow_Rate.png, id=61, 803.0pt x 441.65pt>
File: vegas0/Link_Flow_Rate.png Graphic file (type png)

<use vegas0/Link_Flow_Rate.png>
<vegas0/Link_Occupancy.png, id=62, 803.0pt x 441.65pt>
File: vegas0/Link_Occupancy.png Graphic file (type png)

<use vegas0/Link_Occupancy.png>
<vegas0/Link_Packet_Loss.png, id=63, 803.0pt x 441.65pt>
File: vegas0/Link_Packet_Loss.png Graphic file (type png)

<use vegas0/Link_Packet_Loss.png> [12 <./vegas0/Flow_RTT.png>] [13 <./vegas0/Fl
ow_Send_Rates.png> <./vegas0/Flow_Window.png>] [14 <./vegas0/Link_Flow_Rate.png
> <./vegas0/Link_Occupancy.png>] [15 <./vegas0/Link_Packet_Loss.png>]
<vegas1/Flow_RTT.png, id=83, 803.0pt x 441.65pt>
File: vegas1/Flow_RTT.png Graphic file (type png)
 <use vegas1/Flow_RTT.png>
<vegas1/Flow_Send_Rates.png, id=84, 803.0pt x 441.65pt>
File: vegas1/Flow_Send_Rates.png Graphic file (type png)

<use vegas1/Flow_Send_Rates.png>
<vegas1/Flow_Window.png, id=85, 803.0pt x 441.65pt>
File: vegas1/Flow_Window.png Graphic file (type png)

<use vegas1/Flow_Window.png>
<vegas1/Link_Flow_Rate.png, id=86, 803.0pt x 441.65pt>
File: vegas1/Link_Flow_Rate.png Graphic file (type png)

<use vegas1/Link_Flow_Rate.png>
<vegas1/Link_Occupancy.png, id=87, 803.0pt x 441.65pt>
File: vegas1/Link_Occupancy.png Graphic file (type png)

<use vegas1/Link_Occupancy.png>
<vegas1/Link_Packet_Loss.png, id=88, 803.0pt x 441.65pt>
File: vegas1/Link_Packet_Loss.png Graphic file (type png)

<use vegas1/Link_Packet_Loss.png> [16

 <./vegas1/Flow_RTT.png>] [17 <./vegas1/Flow_Send_Rates.png> <./vegas1/Flow_Win
dow.png>] [18 <./vegas1/Link_Flow_Rate.png> <./vegas1/Link_Occupancy.png>] [19 
<./vegas1/Link_Packet_Loss.png>]
<vegas2/Flow_RTT.png, id=108, 803.0pt x 441.65pt>
File: vegas2/Flow_RTT.png Graphic file (type png)
 <use vegas2/Flow_RTT.png>
<vegas2/Flow_Send_Rates.png, id=109, 803.0pt x 441.65pt>
File: vegas2/Flow_Send_Rates.png Graphic file (type png)

<use vegas2/Flow_Send_Rates.png>
<vegas2/Flow_Window.png, id=110, 803.0pt x 441.65pt>
File: vegas2/Flow_Window.png Graphic file (type png)

<use vegas2/Flow_Window.png>
<vegas2/Link_Flow_Rate.png, id=111, 803.0pt x 441.65pt>
File: vegas2/Link_Flow_Rate.png Graphic file (type png)

<use vegas2/Link_Flow_Rate.png>
<vegas2/Link_Occupancy.png, id=112, 803.0pt x 441.65pt>
File: vegas2/Link_Occupancy.png Graphic file (type png)

<use vegas2/Link_Occupancy.png>
<vegas2/Link_Packet_Loss.png, id=113, 803.0pt x 441.65pt>
File: vegas2/Link_Packet_Loss.png Graphic file (type png)

<use vegas2/Link_Packet_Loss.png> [20

 <./vegas2/Flow_RTT.png>] [21 <./vegas2/Flow_Send_Rates.png> <./vegas2/Flow_Win
dow.png>] [22 <./vegas2/Link_Flow_Rate.png> <./vegas2/Link_Occupancy.png>] [23 
<./vegas2/Link_Packet_Loss.png>]
<reno0/Flow_RTT.png, id=132, 803.0pt x 441.65pt>
File: reno0/Flow_RTT.png Graphic file (type png)
 <use reno0/Flow_RTT.png>
<reno0/Flow_Send_Rates.png, id=133, 803.0pt x 441.65pt>
File: reno0/Flow_Send_Rates.png Graphic file (type png)

<use reno0/Flow_Send_Rates.png>
<reno0/Flow_Window.png, id=134, 803.0pt x 441.65pt>
File: reno0/Flow_Window.png Graphic file (type png)

<use reno0/Flow_Window.png>
<reno0/Link_Flow_Rate.png, id=135, 803.0pt x 441.65pt>
File: reno0/Link_Flow_Rate.png Graphic file (type png)

<use reno0/Link_Flow_Rate.png>
<reno0/Link_Occupancy.png, id=136, 803.0pt x 441.65pt>
File: reno0/Link_Occupancy.png Graphic file (type png)

<use reno0/Link_Occupancy.png>
<reno0/Link_Packet_Loss.png, id=137, 803.0pt x 441.65pt>
File: reno0/Link_Packet_Loss.png Graphic file (type png)

<use reno0/Link_Packet_Loss.png> [24

 <./reno0/Flow_RTT.png>] [25 <./reno0/Flow_Send_Rates.png> <./reno0/Flow_Window
.png>] [26 <./reno0/Link_Flow_Rate.png> <./reno0/Link_Occupancy.png>] [27 <./re
no0/Link_Packet_Loss.png>]
<reno1/Flow_RTT.png, id=157, 803.0pt x 441.65pt>
File: reno1/Flow_RTT.png Graphic file (type png)
 <use reno1/Flow_RTT.png>
<reno1/Flow_Send_Rates.png, id=158, 803.0pt x 441.65pt>
File: reno1/Flow_Send_Rates.png Graphic file (type png)

<use reno1/Flow_Send_Rates.png>
<reno1/Flow_Window.png, id=159, 803.0pt x 441.65pt>
File: reno1/Flow_Window.png Graphic file (type png)

<use reno1/Flow_Window.png>
<reno1/Link_Flow_Rate.png, id=160, 803.0pt x 441.65pt>
File: reno1/Link_Flow_Rate.png Graphic file (type png)

<use reno1/Link_Flow_Rate.png>
<reno1/Link_Occupancy.png, id=161, 803.0pt x 441.65pt>
File: reno1/Link_Occupancy.png Graphic file (type png)

<use reno1/Link_Occupancy.png>
<reno1/Link_Packet_Loss.png, id=162, 803.0pt x 441.65pt>
File: reno1/Link_Packet_Loss.png Graphic file (type png)

<use reno1/Link_Packet_Loss.png> [28

 <./reno1/Flow_RTT.png>] [29 <./reno1/Flow_Send_Rates.png> <./reno1/Flow_Window
.png>] [30 <./reno1/Link_Flow_Rate.png> <./reno1/Link_Occupancy.png>] [31 <./re
no1/Link_Packet_Loss.png>]
<reno2/Flow_RTT.png, id=182, 1003.75pt x 552.0625pt>
File: reno2/Flow_RTT.png Graphic file (type png)
 <use reno2/Flow_RTT.png>
<reno2/Flow_Send_Rates.png, id=183, 1003.75pt x 552.0625pt>
File: reno2/Flow_Send_Rates.png Graphic file (type png)

<use reno2/Flow_Send_Rates.png>
<reno2/Flow_Window.png, id=184, 1003.75pt x 552.0625pt>
File: reno2/Flow_Window.png Graphic file (type png)

<use reno2/Flow_Window.png>
<reno2/Link_Flow_Rate.png, id=185, 1003.75pt x 552.0625pt>
File: reno2/Link_Flow_Rate.png Graphic file (type png)

<use reno2/Link_Flow_Rate.png>
<reno2/Link_Occupancy.png, id=186, 1003.75pt x 552.0625pt>
File: reno2/Link_Occupancy.png Graphic file (type png)

<use reno2/Link_Occupancy.png>
<reno2/Link_Packet_Loss.png, id=187, 1003.75pt x 552.0625pt>
File: reno2/Link_Packet_Loss.png Graphic file (type png)

<use reno2/Link_Packet_Loss.png> [32

 <./reno2/Flow_RTT.png (PNG copy)>]
[33 <./reno2/Flow_Send_Rates.png (PNG copy)> <./reno2/Flow_Window.png (PNG copy
)>] [34 <./reno2/Link_Flow_Rate.png (PNG copy)> <./reno2/Link_Occupancy.png (PN
G copy)>] [35 <./reno2/Link_Packet_Loss.png (PNG copy)>]) (./Report.aux) ) 
Here is how much of TeX's memory you used:
 2416 strings out of 495061
 32412 string characters out of 1182621
 90839 words of memory out of 3000000
 5539 multiletter control sequences out of 15000+50000
 16767 words of font info for 62 fonts, out of 3000000 for 9000
 28 hyphenation exceptions out of 8191
 28i,11n,43p,1207b,236s stack positions out of 5000i,500n,10000p,200000b,50000s
</usr
/share/texmf-texlive/fonts/type1/public/amsfonts/cm/cmbx10.pfb></usr/share/texm
f-texlive/fonts/type1/public/amsfonts/cm/cmbx12.pfb></usr/share/texmf-texlive/f
onts/type1/public/amsfonts/cm/cmex10.pfb></usr/share/texmf-texlive/fonts/type1/
public/amsfonts/cm/cmmi10.pfb></usr/share/texmf-texlive/fonts/type1/public/amsf
onts/cm/cmmi7.pfb></usr/share/texmf-texlive/fonts/type1/public/amsfonts/cm/cmr1
0.pfb></usr/share/texmf-texlive/fonts/type1/public/amsfonts/cm/cmr12.pfb></usr/
share/texmf-texlive/fonts/type1/public/amsfonts/cm/cmr17.pfb></usr/share/texmf-
texlive/fonts/type1/public/amsfonts/cm/cmr5.pfb></usr/share/texmf-texlive/fonts
/type1/public/amsfonts/cm/cmr7.pfb></usr/share/texmf-texlive/fonts/type1/public
/amsfonts/cm/cmsl10.pfb></usr/share/texmf-texlive/fonts/type1/public/amsfonts/c
m/cmsy10.pfb>
Output written on Report.pdf (36 pages, 1595351 bytes).
PDF statistics:
 238 PDF objects out of 1000 (max. 8388607)
 0 named destinations out of 1000 (max. 500000)
 196 words of extra memory for PDF output out of 10000 (max. 10000000)

